<?xml version="1.0" encoding="UTF-8"?>
<!-- Generated by org.testng.reporters.JUnitReportReporter -->
<testsuite skipped="0" hostname="Happy-PC" name="com.Firstproject.one.Check" tests="3" failures="0" timestamp="31 Aug 2017 07:00:09 GMT" time="0.006" errors="0">
  <testcase name="f2" time="0.004" classname="com.Firstproject.one.Check"/>
  <testcase name="f1" time="0.001" classname="com.Firstproject.one.Check"/>
  <testcase name="f" time="0.001" classname="com.Firstproject.one.Check"/>
</testsuite> <!-- com.Firstproject.one.Check -->
