<?xml version="1.0" encoding="UTF-8"?>
<!-- Generated by org.testng.reporters.JUnitReportReporter -->
<testsuite skipped="0" hostname="Happy-PC" name="com.Firstproject.one.NewTest" tests="1" failures="0" timestamp="31 May 2018 10:33:21 GMT" time="0.009" errors="0">
  <testcase name="f1" time="0.009" classname="com.Firstproject.one.NewTest"/>
</testsuite> <!-- com.Firstproject.one.NewTest -->
