<?xml version="1.0" encoding="UTF-8"?>
<!-- Generated by org.testng.reporters.JUnitReportReporter -->
<testsuite skipped="0" hostname="Happy-PC" name="com.Firstproject.com.Firstproject.one.NewTest123" tests="1" failures="0" timestamp="03 Feb 2018 13:29:38 GMT" time="0.009" errors="0">
  <testcase name="f" time="0.009" classname="com.Firstproject.com.Firstproject.one.NewTest123"/>
</testsuite> <!-- com.Firstproject.com.Firstproject.one.NewTest123 -->
