<?xml version="1.0" encoding="UTF-8"?>
<!-- Generated by org.testng.reporters.JUnitReportReporter -->
<testsuite skipped="0" hostname="Happy-PC" name="Newstartproject.Testing.mycaarTest" tests="1" failures="0" timestamp="02 Feb 2018 12:11:10 GMT" time="23.860" errors="0">
  <testcase name="firsttestcase" time="23.860" classname="Newstartproject.Testing.mycaarTest"/>
</testsuite> <!-- Newstartproject.Testing.mycaarTest -->
