<?xml version="1.0" encoding="UTF-8"?>
<!-- Generated by org.testng.reporters.JUnitReportReporter -->
<testsuite skipped="0" hostname="Happy-PC" name="Newstartproject.Testing.Testone" tests="1" failures="0" timestamp="08 Jan 2018 12:58:57 GMT" time="4.450" errors="0">
  <testcase name="Testmethodone" time="4.450" classname="Newstartproject.Testing.Testone"/>
</testsuite> <!-- Newstartproject.Testing.Testone -->
