<?xml version="1.0" encoding="UTF-8"?>
<!-- Generated by org.testng.reporters.JUnitReportReporter -->
<testsuite skipped="0" hostname="Happy-PC" name="com.Testing.Baseclass.parameterized" tests="3" failures="0" timestamp="14 Mar 2018 11:49:17 GMT" time="0.012" errors="0">
  <testcase name="firsttest" time="0.010" classname="com.Testing.Baseclass.parameterized"/>
  <testcase name="thirdtest" time="0.001" classname="com.Testing.Baseclass.parameterized"/>
  <testcase name="Secondtest" time="0.001" classname="com.Testing.Baseclass.parameterized"/>
</testsuite> <!-- com.Testing.Baseclass.parameterized -->
