<?xml version="1.0" encoding="UTF-8"?>
<!-- Generated by org.testng.reporters.JUnitReportReporter -->
<testsuite skipped="0" hostname="Happy-PC" name="com.multiple.smoke.firstclass" tests="2" failures="0" timestamp="31 May 2018 11:40:58 GMT" time="0.002" errors="0">
  <testcase name="secondmethod" time="0.001" classname="com.multiple.smoke.firstclass"/>
  <testcase name="firstmethod" time="0.001" classname="com.multiple.smoke.firstclass"/>
</testsuite> <!-- com.multiple.smoke.firstclass -->
