<?xml version="1.0" encoding="UTF-8"?>
<!-- Generated by org.testng.reporters.JUnitReportReporter -->
<testsuite skipped="0" hostname="Happy-PC" name="com.Testing.Baseclass.Dataproviderinsameclass" tests="2" failures="0" timestamp="31 May 2018 12:05:44 GMT" time="0.010" errors="0">
  <testcase name="testfunction" time="0.001" classname="com.Testing.Baseclass.Dataproviderinsameclass"/>
  <testcase name="testfunction" time="0.009" classname="com.Testing.Baseclass.Dataproviderinsameclass"/>
</testsuite> <!-- com.Testing.Baseclass.Dataproviderinsameclass -->
