<?xml version="1.0" encoding="UTF-8"?>
<!-- Generated by org.testng.reporters.JUnitReportReporter -->
<testsuite skipped="0" hostname="Happy-PC" name="Newstartproject.Testing.classusgunclasses" tests="1" failures="0" timestamp="04 Jun 2018 04:48:51 GMT" time="440.696" errors="0">
  <testcase name="testcaseone" time="440.696" classname="Newstartproject.Testing.classusgunclasses"/>
</testsuite> <!-- Newstartproject.Testing.classusgunclasses -->
