<?xml version="1.0" encoding="UTF-8"?>
<!-- Generated by org.testng.reporters.JUnitReportReporter -->
<testsuite skipped="0" hostname="Happy-PC" name="Newstartproject.Testing.NewTesttry" tests="1" failures="0" timestamp="07 Mar 2018 06:46:38 GMT" time="204.022" errors="0">
  <testcase name="f" time="204.022" classname="Newstartproject.Testing.NewTesttry"/>
</testsuite> <!-- Newstartproject.Testing.NewTesttry -->
