<?xml version="1.0" encoding="UTF-8"?>
<!-- Generated by org.testng.reporters.JUnitReportReporter -->
<testsuite skipped="0" hostname="Happy-PC" name="com.commonLib.Parameterclass" tests="1" failures="0" timestamp="17 Jan 2018 10:41:36 GMT" time="26.810" errors="0">
  <testcase name="TestParameters" time="26.810" classname="com.commonLib.Parameterclass"/>
</testsuite> <!-- com.commonLib.Parameterclass -->
