<?xml version="1.0" encoding="UTF-8"?>
<!-- Generated by org.testng.reporters.JUnitReportReporter -->
<testsuite skipped="1" hostname="Happy-PC" name="com.com.commonLib.fourthclass" tests="3" failures="0" timestamp="18 Dec 2017 10:41:12 GMT" time="0.011" errors="0">
  <testcase name="A3" time="0.009" classname="com.com.commonLib.fourthclass"/>
  <testcase name="A2" time="0.002" classname="com.com.commonLib.fourthclass"/>
  <testcase name="A1" classname="com.com.commonLib.fourthclass">
    <skipped/>
  </testcase> <!-- A1 -->
</testsuite> <!-- com.com.commonLib.fourthclass -->
