<?xml version="1.0" encoding="UTF-8"?>
<!-- Generated by org.testng.reporters.JUnitReportReporter -->
<testsuite skipped="0" hostname="Happy-PC" name="com.commonLib.Newparameter" tests="1" failures="0" timestamp="20 Dec 2017 12:56:55 GMT" time="0.009" errors="0">
  <testcase name="TestParameters" time="0.009" classname="com.commonLib.Newparameter"/>
</testsuite> <!-- com.commonLib.Newparameter -->
