<?xml version="1.0" encoding="UTF-8"?>
<!-- Generated by org.testng.reporters.JUnitReportReporter -->
<testsuite skipped="0" hostname="Happy-PC" name="lpackageone.Praticeimgupload" tests="1" failures="0" timestamp="28 Oct 2017 05:06:37 GMT" time="44.583" errors="0">
  <testcase name="f" time="44.583" classname="lpackageone.Praticeimgupload"/>
</testsuite> <!-- lpackageone.Praticeimgupload -->
