<?xml version="1.0" encoding="UTF-8"?>
<!-- Generated by org.testng.reporters.JUnitReportReporter -->
<testsuite skipped="0" hostname="Happy-PC" name="lpackageone.NewTest" tests="1" failures="0" timestamp="27 Sep 2017 06:13:44 GMT" time="0.469" errors="0">
  <testcase name="f" time="0.469" classname="lpackageone.NewTest"/>
</testsuite> <!-- lpackageone.NewTest -->
