<?xml version="1.0" encoding="UTF-8"?>
<!-- Generated by org.testng.reporters.JUnitReportReporter -->
<testsuite skipped="0" hostname="Happy-PC" name="lpackageone.NewTest3" tests="1" failures="0" timestamp="20 Sep 2017 13:20:00 GMT" time="145.283" errors="0">
  <testcase name="f" time="145.283" classname="lpackageone.NewTest3"/>
</testsuite> <!-- lpackageone.NewTest3 -->
