<?xml version="1.0" encoding="UTF-8"?>
<!-- Generated by org.testng.reporters.JUnitReportReporter -->
<testsuite skipped="0" hostname="Happy-PC" name="com.com.commonLib.SelectLast" tests="1" failures="0" timestamp="19 Dec 2017 07:36:34 GMT" time="9.724" errors="0">
  <testcase name="LastElementSel" time="9.724" classname="com.com.commonLib.SelectLast"/>
</testsuite> <!-- com.com.commonLib.SelectLast -->
