<?xml version="1.0" encoding="UTF-8"?>
<!-- Generated by org.testng.reporters.JUnitReportReporter -->
<testsuite skipped="0" hostname="Happy-PC" name="com.commonLib.Thirdclass" tests="4" failures="0" timestamp="17 Jan 2018 06:15:46 GMT" time="0.010" errors="0">
  <testcase name="a2" time="0.008" classname="com.commonLib.Thirdclass"/>
  <testcase name="a4" time="0.000" classname="com.commonLib.Thirdclass"/>
  <testcase name="a3" time="0.001" classname="com.commonLib.Thirdclass"/>
  <testcase name="a1" time="0.001" classname="com.commonLib.Thirdclass"/>
</testsuite> <!-- com.commonLib.Thirdclass -->
