<?xml version="1.0" encoding="UTF-8"?>
<!-- Generated by org.testng.reporters.JUnitReportReporter -->
<testsuite skipped="0" hostname="Happy-PC" name="lpackageone.pohotest2fb" tests="1" failures="0" timestamp="23 Oct 2017 06:49:00 GMT" time="34.043" errors="0">
  <testcase name="f" time="34.043" classname="lpackageone.pohotest2fb"/>
</testsuite> <!-- lpackageone.pohotest2fb -->
