<?xml version="1.0" encoding="UTF-8"?>
<!-- Generated by org.testng.reporters.JUnitReportReporter -->
<testsuite skipped="0" hostname="Happy-PC" name="lpackageone.armstrongnum" tests="1" failures="0" timestamp="17 Nov 2017 11:46:47 GMT" time="0.008" errors="0">
  <testcase name="f" time="0.008" classname="lpackageone.armstrongnum"/>
</testsuite> <!-- lpackageone.armstrongnum -->
