<?xml version="1.0" encoding="UTF-8"?>
<!-- Generated by org.testng.reporters.JUnitReportReporter -->
<testsuite skipped="0" hostname="Happy-PC" name="com.commonLib.NewTest" tests="1" failures="0" timestamp="17 Nov 2017 09:13:58 GMT" time="16.906" errors="0">
  <testcase name="f" time="16.906" classname="com.commonLib.NewTest"/>
</testsuite> <!-- com.commonLib.NewTest -->
