<?xml version="1.0" encoding="UTF-8"?>
<!-- Generated by org.testng.reporters.JUnitReportReporter -->
<testsuite skipped="0" hostname="Happy-PC" name="com.commonLib.Testcaseamazon" tests="1" failures="0" timestamp="18 Dec 2017 07:39:37 GMT" time="17.229" errors="0">
  <testcase name="f" time="17.229" classname="com.commonLib.Testcaseamazon"/>
</testsuite> <!-- com.commonLib.Testcaseamazon -->
