<?xml version="1.0" encoding="UTF-8"?>
<!-- Generated by org.testng.reporters.JUnitReportReporter -->
<testsuite skipped="0" hostname="Happy-PC" name="com.commonLib.Secondclass" tests="3" failures="0" timestamp="18 Dec 2017 11:37:20 GMT" time="0.009" errors="0">
  <testcase name="n3" time="0.008" classname="com.commonLib.Secondclass"/>
  <testcase name="n2" time="0.001" classname="com.commonLib.Secondclass"/>
  <testcase name="n1" time="0.000" classname="com.commonLib.Secondclass"/>
</testsuite> <!-- com.commonLib.Secondclass -->
