<?xml version="1.0" encoding="UTF-8"?>
<!-- Generated by org.testng.reporters.JUnitReportReporter -->
<testsuite skipped="0" hostname="Happy-PC" name="lpackageone.NewTest2" tests="1" failures="0" timestamp="20 Sep 2017 12:22:56 GMT" time="7.803" errors="0">
  <testcase name="f" time="7.803" classname="lpackageone.NewTest2"/>
</testsuite> <!-- lpackageone.NewTest2 -->
