<?xml version="1.0" encoding="UTF-8"?>
<!-- Generated by org.testng.reporters.JUnitReportReporter -->
<testsuite skipped="0" hostname="Happy-PC" name="lpackageone.armstrongnum" tests="1" failures="0" timestamp="18 Dec 2017 09:05:20 GMT" time="0.003" errors="0">
  <testcase name="f" time="0.003" classname="lpackageone.armstrongnum"/>
</testsuite> <!-- lpackageone.armstrongnum -->
